<?xml version="1.0" encoding="UTF-8"?>
<!-- Generated by org.testng.reporters.JUnitReportReporter -->
<testsuite hostname="LAPTOP-J6JSJEKO" failures="0" tests="2" name="testn.Thirdte" time="0.011" errors="0" timestamp="2021-08-05T12:25:55 IST" skipped="0">
  <testcase classname="testn.Thirdte" name="thirdclass" time="0.004"/>
  <system-out/>
  <testcase classname="testn.Thirdte" name="thirdclasss" time="0.007"/>
  <system-out/>
</testsuite> <!-- testn.Thirdte -->
