<?xml version="1.0" encoding="UTF-8"?>
<!-- Generated by org.testng.reporters.JUnitReportReporter -->
<testsuite hostname="LAPTOP-J6JSJEKO" failures="0" tests="4" name="testn.FirstTe" time="0.027" errors="0" timestamp="2021-08-05T12:25:55 IST" skipped="1">
  <testcase classname="testn.FirstTe" name="Testone" time="0.017"/>
  <system-out/>
  <testcase classname="testn.FirstTe" name="Atest" time="0.006"/>
  <system-out/>
  <testcase classname="testn.FirstTe" name="Testtwo" time="0.004"/>
  <system-out/>
  <testcase classname="testn.FirstTe" name="Aatest">
    <skipped/>
  </testcase> <!-- Aatest -->
  <system-out/>
</testsuite> <!-- testn.FirstTe -->
