<?xml version="1.0" encoding="UTF-8"?>
<!-- Generated by org.testng.reporters.JUnitReportReporter -->
<testsuite hostname="LAPTOP-J6JSJEKO" failures="0" tests="3" name="testn.FouthData" time="0.019" errors="0" timestamp="2021-08-05T12:25:55 IST" skipped="0">
  <testcase classname="testn.FouthData" name="testfour" time="0.008"/>
  <system-out/>
  <testcase classname="testn.FouthData" name="testfour" time="0.003"/>
  <system-out/>
  <testcase classname="testn.FouthData" name="testfour" time="0.008"/>
  <system-out/>
</testsuite> <!-- testn.FouthData -->
