<?xml version="1.0" encoding="UTF-8"?>
<!-- Generated by org.testng.reporters.JUnitReportReporter -->
<testsuite hostname="LAPTOP-J6JSJEKO" failures="0" tests="1" name="testn.Secondte" time="0.018" errors="0" timestamp="2021-08-05T12:25:55 IST" skipped="0">
  <testcase classname="testn.Secondte" name="fourthna" time="0.018"/>
  <system-out/>
</testsuite> <!-- testn.Secondte -->
